<?xml version="1.0" encoding="UTF-8"?>
<!-- Generated by org.testng.reporters.JUnitReportReporter -->
<testsuite hostname="DESKTOP-RDTKOR7" failures="0" tests="2" name="pom_pack.Testable_class" time="8.166" errors="0" timestamp="2024-05-03T19:19:03 IST" skipped="0">
  <testcase classname="pom_pack.Testable_class" name="Nop_Login" time="5.589"/>
  <system-out/>
  <testcase classname="pom_pack.Testable_class" name="customer_details" time="2.577"/>
  <system-out/>
</testsuite> <!-- pom_pack.Testable_class -->
