<?xml version="1.0" encoding="UTF-8"?>
<!-- Generated by org.testng.reporters.JUnitReportReporter -->
<testsuite hostname="DESKTOP-RDTKOR7" failures="0" tests="1" name="loginpage.Log" time="0.027" errors="0" timestamp="2024-04-02T11:26:52 IST" skipped="0">
  <testcase classname="loginpage.Log" name="load" time="0.027"/>
  <system-out/>
</testsuite> <!-- loginpage.Log -->
