<?xml version="1.0" encoding="UTF-8"?>
<!-- Generated by org.testng.reporters.JUnitReportReporter -->
<testsuite hostname="DESKTOP-RDTKOR7" failures="0" tests="2" name="testngFB.FBlogin" time="12.969" errors="0" timestamp="2024-04-05T11:39:47 IST" skipped="0">
  <testcase classname="testngFB.FBlogin" name="pageTitle" time="4.354"/>
  <system-out/>
  <testcase classname="testngFB.FBlogin" name="Loginpage" time="8.615"/>
  <system-out/>
</testsuite> <!-- testngFB.FBlogin -->
