<?xml version="1.0" encoding="UTF-8"?>
<!-- Generated by org.testng.reporters.JUnitReportReporter -->
<testsuite hostname="DESKTOP-RDTKOR7" failures="0" tests="3" name="exTestng.Besictestng" time="0.035" errors="0" timestamp="2024-03-23T15:19:37 IST" skipped="0">
  <testcase classname="exTestng.Besictestng" name="hyd" time="0.027"/>
  <system-out/>
  <testcase classname="exTestng.Besictestng" name="sec" time="0.004"/>
  <system-out/>
  <testcase classname="exTestng.Besictestng" name="mdr" time="0.004"/>
  <system-out/>
</testsuite> <!-- exTestng.Besictestng -->
