<?xml version="1.0" encoding="UTF-8"?>
<!-- Generated by org.testng.reporters.JUnitReportReporter -->
<testsuite hostname="DESKTOP-RDTKOR7" failures="0" tests="5" name="groups.Group2" time="0.020" errors="0" timestamp="2024-03-22T12:25:23 IST" skipped="0">
  <testcase classname="groups.Group2" name="Group2test3" time="0.004"/>
  <system-out/>
  <testcase classname="groups.Group2" name="Group2test2" time="0.004"/>
  <system-out/>
  <testcase classname="groups.Group2" name="Group2test1" time="0.006"/>
  <system-out/>
  <testcase classname="groups.Group2" name="Group2test5" time="0.004"/>
  <system-out/>
  <testcase classname="groups.Group2" name="Group2test4" time="0.002"/>
  <system-out/>
</testsuite> <!-- groups.Group2 -->
