<?xml version="1.0" encoding="UTF-8"?>
<!-- Generated by org.testng.reporters.JUnitReportReporter -->
<testsuite hostname="DESKTOP-RDTKOR7" failures="0" tests="5" name="testNG.States3" time="0.016" errors="0" timestamp="2024-04-05T11:36:20 IST" skipped="0">
  <testcase classname="testNG.States3" name="RJ" time="0.004"/>
  <system-out/>
  <testcase classname="testNG.States3" name="MH" time="0.005"/>
  <system-out/>
  <testcase classname="testNG.States3" name="HP" time="0.002"/>
  <system-out/>
  <testcase classname="testNG.States3" name="JK" time="0.003"/>
  <system-out/>
  <testcase classname="testNG.States3" name="UP" time="0.002"/>
  <system-out/>
</testsuite> <!-- testNG.States3 -->
