<?xml version="1.0" encoding="UTF-8"?>
<!-- Generated by org.testng.reporters.JUnitReportReporter -->
<testsuite hostname="DESKTOP-RDTKOR7" failures="0" tests="4" name="groups.Group1" time="0.016" errors="0" timestamp="2024-03-22T12:25:23 IST" skipped="0">
  <testcase classname="groups.Group1" name="Group1test2" time="0.004"/>
  <system-out/>
  <testcase classname="groups.Group1" name="Group1test3" time="0.005"/>
  <system-out/>
  <testcase classname="groups.Group1" name="Group1test1" time="0.003"/>
  <system-out/>
  <testcase classname="groups.Group1" name="Group1test4" time="0.004"/>
  <system-out/>
</testsuite> <!-- groups.Group1 -->
