<?xml version="1.0" encoding="UTF-8"?>
<!-- Generated by org.testng.reporters.JUnitReportReporter -->
<testsuite hostname="DESKTOP-RDTKOR7" failures="0" tests="4" name="testNG.States2" time="0.008" errors="0" timestamp="2024-04-05T11:36:20 IST" skipped="0">
  <testcase classname="testNG.States2" name="WB" time="0.002"/>
  <system-out/>
  <testcase classname="testNG.States2" name="PB" time="0.002"/>
  <system-out/>
  <testcase classname="testNG.States2" name="KL" time="0.003"/>
  <system-out/>
  <testcase classname="testNG.States2" name="MP" time="0.001"/>
  <system-out/>
</testsuite> <!-- testNG.States2 -->
