<?xml version="1.0" encoding="UTF-8"?>
<!-- Generated by org.testng.reporters.JUnitReportReporter -->
<testsuite hostname="DESKTOP-RDTKOR7" failures="0" tests="5" name="groups.Group3" time="0.044" errors="0" timestamp="2024-03-22T12:25:23 IST" skipped="0">
  <testcase classname="groups.Group3" name="Group3test1" time="0.017"/>
  <system-out/>
  <testcase classname="groups.Group3" name="Group3test5" time="0.007"/>
  <system-out/>
  <testcase classname="groups.Group3" name="Group3test2" time="0.003"/>
  <system-out/>
  <testcase classname="groups.Group3" name="Group3test3" time="0.008"/>
  <system-out/>
  <testcase classname="groups.Group3" name="Group3test4" time="0.009"/>
  <system-out/>
</testsuite> <!-- groups.Group3 -->
