<?xml version="1.0" encoding="UTF-8"?>
<!-- Generated by org.testng.reporters.JUnitReportReporter -->
<testsuite hostname="DESKTOP-RDTKOR7" failures="0" tests="3" name="exTestng.Besictestng2" time="0.011" errors="0" timestamp="2024-03-23T15:19:37 IST" skipped="0">
  <testcase classname="exTestng.Besictestng2" name="ram" time="0.003"/>
  <system-out/>
  <testcase classname="exTestng.Besictestng2" name="vij" time="0.003"/>
  <system-out/>
  <testcase classname="exTestng.Besictestng2" name="raj" time="0.005"/>
  <system-out/>
</testsuite> <!-- exTestng.Besictestng2 -->
