<?xml version="1.0" encoding="UTF-8"?>
<!-- Generated by org.testng.reporters.JUnitReportReporter -->
<testsuite hostname="DESKTOP-RDTKOR7" failures="0" tests="2" name="testNG.TestNG" time="0.017" errors="0" timestamp="2024-03-20T18:28:24 IST" skipped="0">
  <testcase classname="testNG.TestNG" name="krishna" time="0.014"/>
  <system-out/>
  <testcase classname="testNG.TestNG" name="ram" time="0.003"/>
  <system-out/>
</testsuite> <!-- testNG.TestNG -->
