<?xml version="1.0" encoding="UTF-8"?>
<!-- Generated by org.testng.reporters.JUnitReportReporter -->
<testsuite hostname="DESKTOP-RDTKOR7" failures="0" tests="3" name="testNG.States" time="0.021" errors="0" timestamp="2024-04-05T11:36:20 IST" skipped="0">
  <testcase classname="testNG.States" name="TN" time="0.002"/>
  <system-out/>
  <testcase classname="testNG.States" name="AP" time="0.013"/>
  <system-out/>
  <testcase classname="testNG.States" name="TS" time="0.006"/>
  <system-out/>
</testsuite> <!-- testNG.States -->
